0 info it worked if it ends with ok
1 verbose cli [ 'node', '/usr/local/bin/npm', 'run', 'dev' ]
2 info using npm@2.7.5
3 info using node@v0.12.2
4 verbose node symlink /usr/local/bin/node
5 verbose run-script [ 'predev', 'dev', 'postdev' ]
6 info predev la-foulee-ssr@1.0.0
7 info dev la-foulee-ssr@1.0.0
8 verbose unsafe-perm in lifecycle true
9 info la-foulee-ssr@1.0.0 Failed to exec dev script
10 verbose stack Error: la-foulee-ssr@1.0.0 dev: `cross-env NODE_ENV=dev node server.js`
10 verbose stack Exit status 1
10 verbose stack     at EventEmitter.<anonymous> (/usr/local/lib/node_modules/npm/lib/utils/lifecycle.js:213:16)
10 verbose stack     at EventEmitter.emit (events.js:110:17)
10 verbose stack     at ChildProcess.<anonymous> (/usr/local/lib/node_modules/npm/lib/utils/spawn.js:14:12)
10 verbose stack     at ChildProcess.emit (events.js:110:17)
10 verbose stack     at maybeClose (child_process.js:1015:16)
10 verbose stack     at Process.ChildProcess._handle.onexit (child_process.js:1087:5)
11 verbose pkgid la-foulee-ssr@1.0.0
12 verbose cwd /Users/alex/Projects/la-foulee-ssr
13 error Darwin 17.6.0
14 error argv "node" "/usr/local/bin/npm" "run" "dev"
15 error node v0.12.2
16 error npm  v2.7.5
17 error code ELIFECYCLE
18 error la-foulee-ssr@1.0.0 dev: `cross-env NODE_ENV=dev node server.js`
18 error Exit status 1
19 error Failed at the la-foulee-ssr@1.0.0 dev script 'cross-env NODE_ENV=dev node server.js'.
19 error This is most likely a problem with the la-foulee-ssr package,
19 error not with npm itself.
19 error Tell the author that this fails on your system:
19 error     cross-env NODE_ENV=dev node server.js
19 error You can get their info via:
19 error     npm owner ls la-foulee-ssr
19 error There is likely additional logging output above.
20 verbose exit [ 1, true ]
